Starting Thunderbolt Tool v0.1b3 build June 9 2012, 7:50 PM EST at Sat 06/09/2012 22:04:56.53 
Could Not Find C:\Users\Luke\Thunderbolt-Tool\git\support_files\Script-new-MD5.txt
No updates availible. 
-- 
Getting sed 
--2012-06-09 22:04:57--  http://dl.dropbox.com/u/61129367/SED.zip
Resolving dl.dropbox.com... 23.21.206.224, 107.22.254.1, 107.20.132.43, ...
Connecting to dl.dropbox.com|23.21.206.224|:80... connected.
HTTP request sent, awaiting response... 200 OK
Length: 862497 (842K) [application/zip]
Saving to: `support_files/download/sed.zip'

     0K .......... .......... .......... .......... ..........  5% 3.94M 0s
    50K .......... .......... .......... .......... .......... 11% 4.14M 0s
   100K .......... .......... .......... .......... .......... 17%  619K 0s
   150K .......... .......... .......... .......... .......... 23% 2.63M 0s
   200K .......... .......... .......... .......... .......... 29% 1.07M 0s
   250K .......... .......... .......... .......... .......... 35%  807K 0s
   300K .......... .......... .......... .......... .......... 41% 1.07M 0s
   350K .......... .......... .......... .......... .......... 47% 1.30M 0s
   400K .......... .......... .......... .......... .......... 53%  830K 0s
   450K .......... .......... .......... .......... .......... 59%  962K 0s
   500K .......... .......... .......... .......... .......... 65% 1.37M 0s
   550K .......... .......... .......... .......... .......... 71% 1.05M 0s
   600K .......... .......... .......... .......... .......... 77% 1.16M 0s
   650K .......... .......... .......... .......... .......... 83%  939K 0s
   700K .......... .......... .......... .......... .......... 89%  981K 0s
   750K .......... .......... .......... .......... .......... 94% 1.25M 0s
   800K .......... .......... .......... .......... ..        100%  860K=0.7s

2012-06-09 22:04:58 (1.11 MB/s) - `support_files/download/sed.zip' saved [862497/862497]

Our checksum is          
The correct checksum is 5F4BA3E44B33934E80257F3948970868  support_files\download\sed.zip 
Getting sed 
--2012-06-09 22:04:59--  http://dl.dropbox.com/u/61129367/SED.zip
Resolving dl.dropbox.com... 23.21.206.224, 107.22.254.1, 107.20.132.43, ...
Connecting to dl.dropbox.com|23.21.206.224|:80... connected.
HTTP request sent, awaiting response... 200 OK
Length: 862497 (842K) [application/zip]
Saving to: `support_files/download/sed.zip'

     0K .......... .......... .......... .......... ..........  5%  309K 3s
    50K .......... .......... .......... .......... .......... 11%  584K 2s
   100K .......... .......... .......... .......... .......... 17%  829K 1s
   150K .......... .......... .......... .......... .......... 23% 1.04M 1s
   200K .......... .......... .......... .......... .......... 29%  672K 1s
   250K .......... .......... .......... .......... .......... 35%  942K 1s
   300K .......... .......... .......... .......... .......... 41%  865K 1s
   350K .......... .......... .......... .......... .......... 47%  925K 1s
   400K .......... .......... .......... .......... .......... 53% 1.06M 1s
   450K .......... .......... .......... .......... .......... 59%  634K 0s
   500K .......... .......... .......... .......... .......... 65% 1.18M 0s
   550K .......... .......... .......... .......... .......... 71%  958K 0s
   600K .......... .......... .......... .......... .......... 77%  555K 0s
   650K .......... .......... .......... .......... .......... 83%  664K 0s
   700K .......... .......... .......... .......... .......... 89%  534K 0s
   750K .......... .......... .......... .......... .......... 94%  659K 0s
   800K .......... .......... .......... .......... ..        100%  928K=1.2s

2012-06-09 22:05:00 (706 KB/s) - `support_files/download/sed.zip' saved [862497/862497]

Our checksum is         5F4BA3E44B33934E80257F3948970868  support_files\download\sed.zip 
The correct checksum is 5F4BA3E44B33934E80257F3948970868  support_files\download\sed.zip 
Archive:  support_files/download/sed.zip
  inflating: support_files/sed.exe   
  inflating: support_files/libiconv2.dll  
  inflating: support_files/libintl3.dll  
  inflating: support_files/regex2.dll  
Phone not connected! 
Loading phone not connected prompt 
-- 
