Starting Thunderbolt Tool v0.2b1 build August 23 2012, 10:56 PM EST at Thu 08/23/2012 23:21:56.41 
Setting path 
Our checksum is         5F4BA3E44B33934E80257F3948970868  support_files\download\sed.zip  
The correct checksum is 5F4BA3E44B33934E80257F3948970868  support_files\download\sed.zip 
Getting phone info 
-- 
Phone is normally booted 
Bootloader: 1.04.2000  ENG S-OFF 
ADB rooted: Yes 
ROM Version: Liquid ICS v1.5 MR2.6Beta1X JMOD   - Android 4.0.4  
Superuser: Superuser binary v3.1.1 - Up to date 
-- 
Loading root main menu 
-- 
Getting phone info 
-- 
Phone is normally booted 
Bootloader: 1.04.2000  ENG S-OFF 
ADB rooted: Yes 
ROM Version: Liquid ICS v1.5 MR2.6Beta1X JMOD   - Android 4.0.4  
Superuser: Superuser binary v3.1.1 - Up to date 
-- 
Loading root main menu 
-- 
Getting phone info 
-- 
Phone is normally booted 
Bootloader: 1.04.2000  ENG S-OFF 
ADB rooted: Yes 
ROM Version: Liquid ICS v1.5 MR2.6Beta1X JMOD   - Android 4.0.4  
Superuser: Superuser binary v3.1.1 - Up to date 
-- 
Loading root main menu 
-- 
