Starting Thunderbolt Tool v0.1b3 build June 9 2012, 7:50 PM EST at Sat 06/09/2012 22:00:35.86 
Could Not Find C:\Users\Luke\Thunderbolt-Tool\git\support_files\Script-new-MD5.txt
No updates availible. 
-- 
Getting sed 
support_files/download/sed.zip: No such file or directory
Our checksum is          
The correct checksum is 5F4BA3E44B33934E80257F3948970868  support_files\download\sed.zip 
Getting sed 
support_files/download/sed.zip: No such file or directory
Our checksum is          
The correct checksum is 5F4BA3E44B33934E80257F3948970868  support_files\download\sed.zip 
Getting sed 
support_files/download/sed.zip: No such file or directory
Our checksum is          
The correct checksum is 5F4BA3E44B33934E80257F3948970868  support_files\download\sed.zip 
Getting sed 
support_files/download/sed.zip: No such file or directory
Our checksum is          
The correct checksum is 5F4BA3E44B33934E80257F3948970868  support_files\download\sed.zip 
Getting sed 
support_files/download/sed.zip: No such file or directory
Our checksum is          
The correct checksum is 5F4BA3E44B33934E80257F3948970868  support_files\download\sed.zip 
Getting sed 
support_files/download/sed.zip: No such file or directory
Our checksum is          
The correct checksum is 5F4BA3E44B33934E80257F3948970868  support_files\download\sed.zip 
Getting sed 
support_files/download/sed.zip: No such file or directory
Our checksum is          
The correct checksum is 5F4BA3E44B33934E80257F3948970868  support_files\download\sed.zip 
Getting sed 
support_files/download/sed.zip: No such file or directory
Our checksum is          
The correct checksum is 5F4BA3E44B33934E80257F3948970868  support_files\download\sed.zip 
Getting sed 
support_files/download/sed.zip: No such file or directory
Our checksum is          
The correct checksum is 5F4BA3E44B33934E80257F3948970868  support_files\download\sed.zip 
Getting sed 
support_files/download/sed.zip: No such file or directory
Our checksum is          
The correct checksum is 5F4BA3E44B33934E80257F3948970868  support_files\download\sed.zip 
Getting sed 
support_files/download/sed.zip: No such file or directory
Our checksum is          
The correct checksum is 5F4BA3E44B33934E80257F3948970868  support_files\download\sed.zip 
Getting sed 
support_files/download/sed.zip: No such file or directory
Our checksum is          
The correct checksum is 5F4BA3E44B33934E80257F3948970868  support_files\download\sed.zip 
Getting sed 
support_files/download/sed.zip: No such file or directory
Our checksum is          
The correct checksum is 5F4BA3E44B33934E80257F3948970868  support_files\download\sed.zip 
Getting sed 
support_files/download/sed.zip: No such file or directory
Our checksum is          
The correct checksum is 5F4BA3E44B33934E80257F3948970868  support_files\download\sed.zip 
Getting sed 
support_files/download/sed.zip: No such file or directory
Our checksum is          
The correct checksum is 5F4BA3E44B33934E80257F3948970868  support_files\download\sed.zip 
Getting sed 
support_files/download/sed.zip: No such file or directory
Our checksum is          
The correct checksum is 5F4BA3E44B33934E80257F3948970868  support_files\download\sed.zip 
Getting sed 
support_files/download/sed.zip: No such file or directory
Our checksum is          
The correct checksum is 5F4BA3E44B33934E80257F3948970868  support_files\download\sed.zip 
Getting sed 
support_files/download/sed.zip: No such file or directory
Our checksum is          
The correct checksum is 5F4BA3E44B33934E80257F3948970868  support_files\download\sed.zip 
Getting sed 
support_files/download/sed.zip: No such file or directory
Our checksum is          
The correct checksum is 5F4BA3E44B33934E80257F3948970868  support_files\download\sed.zip 
Getting sed 
support_files/download/sed.zip: No such file or directory
Our checksum is          
The correct checksum is 5F4BA3E44B33934E80257F3948970868  support_files\download\sed.zip 
Getting sed 
support_files/download/sed.zip: No such file or directory
Our checksum is          
The correct checksum is 5F4BA3E44B33934E80257F3948970868  support_files\download\sed.zip 
Getting sed 
support_files/download/sed.zip: No such file or directory
Our checksum is          
The correct checksum is 5F4BA3E44B33934E80257F3948970868  support_files\download\sed.zip 
Getting sed 
support_files/download/sed.zip: No such file or directory
Our checksum is          
The correct checksum is 5F4BA3E44B33934E80257F3948970868  support_files\download\sed.zip 
Getting sed 
support_files/download/sed.zip: No such file or directory
Our checksum is          
The correct checksum is 5F4BA3E44B33934E80257F3948970868  support_files\download\sed.zip 
Getting sed 
support_files/download/sed.zip: No such file or directory
Our checksum is          
The correct checksum is 5F4BA3E44B33934E80257F3948970868  support_files\download\sed.zip 
Getting sed 
support_files/download/sed.zip: No such file or directory
Our checksum is          
The correct checksum is 5F4BA3E44B33934E80257F3948970868  support_files\download\sed.zip 
Getting sed 
support_files/download/sed.zip: No such file or directory
Our checksum is          
The correct checksum is 5F4BA3E44B33934E80257F3948970868  support_files\download\sed.zip 
Getting sed 
support_files/download/sed.zip: No such file or directory
Our checksum is          
The correct checksum is 5F4BA3E44B33934E80257F3948970868  support_files\download\sed.zip 
Getting sed 
support_files/download/sed.zip: No such file or directory
Our checksum is          
The correct checksum is 5F4BA3E44B33934E80257F3948970868  support_files\download\sed.zip 
Getting sed 
support_files/download/sed.zip: No such file or directory
Our checksum is          
The correct checksum is 5F4BA3E44B33934E80257F3948970868  support_files\download\sed.zip 
Getting sed 
support_files/download/sed.zip: No such file or directory
Our checksum is          
The correct checksum is 5F4BA3E44B33934E80257F3948970868  support_files\download\sed.zip 
Getting sed 
support_files/download/sed.zip: No such file or directory
Our checksum is          
The correct checksum is 5F4BA3E44B33934E80257F3948970868  support_files\download\sed.zip 
Getting sed 
support_files/download/sed.zip: No such file or directory
Our checksum is          
The correct checksum is 5F4BA3E44B33934E80257F3948970868  support_files\download\sed.zip 
Getting sed 
support_files/download/sed.zip: No such file or directory
Our checksum is          
The correct checksum is 5F4BA3E44B33934E80257F3948970868  support_files\download\sed.zip 
Getting sed 
support_files/download/sed.zip: No such file or directory
Our checksum is          
The correct checksum is 5F4BA3E44B33934E80257F3948970868  support_files\download\sed.zip 
Getting sed 
support_files/download/sed.zip: No such file or directory
Our checksum is          
The correct checksum is 5F4BA3E44B33934E80257F3948970868  support_files\download\sed.zip 
Getting sed 
support_files/download/sed.zip: No such file or directory
Our checksum is          
The correct checksum is 5F4BA3E44B33934E80257F3948970868  support_files\download\sed.zip 
Getting sed 
support_files/download/sed.zip: No such file or directory
Our checksum is          
The correct checksum is 5F4BA3E44B33934E80257F3948970868  support_files\download\sed.zip 
Getting sed 
support_files/download/sed.zip: No such file or directory
Our checksum is          
The correct checksum is 5F4BA3E44B33934E80257F3948970868  support_files\download\sed.zip 
Getting sed 
support_files/download/sed.zip: No such file or directory
Our checksum is          
The correct checksum is 5F4BA3E44B33934E80257F3948970868  support_files\download\sed.zip 
Getting sed 
support_files/download/sed.zip: No such file or directory
Our checksum is          
The correct checksum is 5F4BA3E44B33934E80257F3948970868  support_files\download\sed.zip 
Getting sed 
support_files/download/sed.zip: No such file or directory
Our checksum is          
The correct checksum is 5F4BA3E44B33934E80257F3948970868  support_files\download\sed.zip 
Getting sed 
support_files/download/sed.zip: No such file or directory
Our checksum is          
The correct checksum is 5F4BA3E44B33934E80257F3948970868  support_files\download\sed.zip 
Getting sed 
support_files/download/sed.zip: No such file or directory
Our checksum is          
The correct checksum is 5F4BA3E44B33934E80257F3948970868  support_files\download\sed.zip 
Getting sed 
support_files/download/sed.zip: No such file or directory
Our checksum is          
The correct checksum is 5F4BA3E44B33934E80257F3948970868  support_files\download\sed.zip 
Getting sed 
support_files/download/sed.zip: No such file or directory
Our checksum is          
The correct checksum is 5F4BA3E44B33934E80257F3948970868  support_files\download\sed.zip 
Getting sed 
support_files/download/sed.zip: No such file or directory
Our checksum is          
The correct checksum is 5F4BA3E44B33934E80257F3948970868  support_files\download\sed.zip 
Getting sed 
support_files/download/sed.zip: No such file or directory
Our checksum is          
The correct checksum is 5F4BA3E44B33934E80257F3948970868  support_files\download\sed.zip 
Getting sed 
support_files/download/sed.zip: No such file or directory
Our checksum is          
The correct checksum is 5F4BA3E44B33934E80257F3948970868  support_files\download\sed.zip 
Getting sed 
support_files/download/sed.zip: No such file or directory
Our checksum is          
The correct checksum is 5F4BA3E44B33934E80257F3948970868  support_files\download\sed.zip 
Getting sed 
support_files/download/sed.zip: No such file or directory
Our checksum is          
The correct checksum is 5F4BA3E44B33934E80257F3948970868  support_files\download\sed.zip 
Getting sed 
support_files/download/sed.zip: No such file or directory
Our checksum is          
The correct checksum is 5F4BA3E44B33934E80257F3948970868  support_files\download\sed.zip 
Getting sed 
support_files/download/sed.zip: No such file or directory
Our checksum is          
The correct checksum is 5F4BA3E44B33934E80257F3948970868  support_files\download\sed.zip 
Getting sed 
support_files/download/sed.zip: No such file or directory
Our checksum is          
The correct checksum is 5F4BA3E44B33934E80257F3948970868  support_files\download\sed.zip 
Getting sed 
support_files/download/sed.zip: No such file or directory
Our checksum is          
The correct checksum is 5F4BA3E44B33934E80257F3948970868  support_files\download\sed.zip 
Getting sed 
support_files/download/sed.zip: No such file or directory
Our checksum is          
The correct checksum is 5F4BA3E44B33934E80257F3948970868  support_files\download\sed.zip 
Getting sed 
support_files/download/sed.zip: No such file or directory
Our checksum is          
The correct checksum is 5F4BA3E44B33934E80257F3948970868  support_files\download\sed.zip 
Getting sed 
support_files/download/sed.zip: No such file or directory
Our checksum is          
The correct checksum is 5F4BA3E44B33934E80257F3948970868  support_files\download\sed.zip 
Getting sed 
support_files/download/sed.zip: No such file or directory
Our checksum is          
The correct checksum is 5F4BA3E44B33934E80257F3948970868  support_files\download\sed.zip 
Getting sed 
support_files/download/sed.zip: No such file or directory
Our checksum is          
The correct checksum is 5F4BA3E44B33934E80257F3948970868  support_files\download\sed.zip 
Getting sed 
support_files/download/sed.zip: No such file or directory
Our checksum is          
The correct checksum is 5F4BA3E44B33934E80257F3948970868  support_files\download\sed.zip 
Getting sed 
support_files/download/sed.zip: No such file or directory
Our checksum is          
The correct checksum is 5F4BA3E44B33934E80257F3948970868  support_files\download\sed.zip 
Getting sed 
support_files/download/sed.zip: No such file or directory
Our checksum is          
The correct checksum is 5F4BA3E44B33934E80257F3948970868  support_files\download\sed.zip 
Getting sed 
support_files/download/sed.zip: No such file or directory
Our checksum is          
The correct checksum is 5F4BA3E44B33934E80257F3948970868  support_files\download\sed.zip 
Getting sed 
support_files/download/sed.zip: No such file or directory
Our checksum is          
The correct checksum is 5F4BA3E44B33934E80257F3948970868  support_files\download\sed.zip 
Getting sed 
support_files/download/sed.zip: No such file or directory
Our checksum is          
The correct checksum is 5F4BA3E44B33934E80257F3948970868  support_files\download\sed.zip 
Getting sed 
support_files/download/sed.zip: No such file or directory
Our checksum is          
The correct checksum is 5F4BA3E44B33934E80257F3948970868  support_files\download\sed.zip 
Getting sed 
support_files/download/sed.zip: No such file or directory
Our checksum is          
The correct checksum is 5F4BA3E44B33934E80257F3948970868  support_files\download\sed.zip 
Getting sed 
support_files/download/sed.zip: No such file or directory
Our checksum is          
The correct checksum is 5F4BA3E44B33934E80257F3948970868  support_files\download\sed.zip 
Getting sed 
support_files/download/sed.zip: No such file or directory
Our checksum is          
The correct checksum is 5F4BA3E44B33934E80257F3948970868  support_files\download\sed.zip 
Getting sed 
support_files/download/sed.zip: No such file or directory
Our checksum is          
The correct checksum is 5F4BA3E44B33934E80257F3948970868  support_files\download\sed.zip 
Getting sed 
support_files/download/sed.zip: No such file or directory
Our checksum is          
The correct checksum is 5F4BA3E44B33934E80257F3948970868  support_files\download\sed.zip 
Getting sed 
support_files/download/sed.zip: No such file or directory
Our checksum is          
The correct checksum is 5F4BA3E44B33934E80257F3948970868  support_files\download\sed.zip 
Getting sed 
support_files/download/sed.zip: No such file or directory
Our checksum is          
The correct checksum is 5F4BA3E44B33934E80257F3948970868  support_files\download\sed.zip 
Getting sed 
support_files/download/sed.zip: No such file or directory
Our checksum is          
The correct checksum is 5F4BA3E44B33934E80257F3948970868  support_files\download\sed.zip 
Getting sed 
support_files/download/sed.zip: No such file or directory
Our checksum is          
The correct checksum is 5F4BA3E44B33934E80257F3948970868  support_files\download\sed.zip 
Getting sed 
support_files/download/sed.zip: No such file or directory
Our checksum is          
The correct checksum is 5F4BA3E44B33934E80257F3948970868  support_files\download\sed.zip 
Getting sed 
support_files/download/sed.zip: No such file or directory
Our checksum is          
The correct checksum is 5F4BA3E44B33934E80257F3948970868  support_files\download\sed.zip 
Getting sed 
support_files/download/sed.zip: No such file or directory
Our checksum is          
The correct checksum is 5F4BA3E44B33934E80257F3948970868  support_files\download\sed.zip 
Getting sed 
support_files/download/sed.zip: No such file or directory
Our checksum is          
The correct checksum is 5F4BA3E44B33934E80257F3948970868  support_files\download\sed.zip 
Getting sed 
^C