Starting Thunderbolt Tool v0.2b1 build August 23 2012, 10:56 PM EST at Sat 09/22/2012 15:25:25.23 
Setting path 
Our checksum is         5F4BA3E44B33934E80257F3948970868  support_files\download\sed.zip  
The correct checksum is 5F4BA3E44B33934E80257F3948970868  support_files\download\sed.zip 
Getting phone info 
-- 
Phone is normally booted 
Bootloader: 1.05.0000  Stock S-ON 
ADB rooted: Yes 
ROM Version: 2.11.605.19 710RD   - Android 2.3.4  
Superuser:  binary v/system/xbin/su - Outdated, please update in app 
-- 
Loading stock main 
-- 
Starting rooter 
Downloading Rooter Files 
--2012-09-22 15:25:39--  http://www.androidfilehost.com/main/Thunderbolt_Developers/trter10/S-O-DowngradeBypass.zip?param=test
Resolving www.androidfilehost.com... 199.189.108.22
Connecting to www.androidfilehost.com|199.189.108.22|:80... connected.
HTTP request sent, awaiting response... 200 OK
Length: 3015892 (2.9M) [application/zip]
Saving to: `support_files/download/DowngradeBypass.zip'

     0K .......... .......... .......... .......... ..........  1%  172K 17s
    50K .......... .......... .......... .......... ..........  3%  184K 16s
   100K .......... .......... .......... .......... ..........  5%  531K 12s
   150K .......... .......... .......... .......... ..........  6%  506K 10s
   200K .......... .......... .......... .......... ..........  8%  516K 9s
   250K .......... .......... .......... .......... .......... 10%  471K 8s
   300K .......... .......... .......... .......... .......... 11%  280K 8s
   350K .......... .......... .......... .......... .......... 13%  492K 8s
   400K .......... .......... ........^C